Mon Mar 26 2018 21:03:17 GMT+0700 (SE Asia Standard Time): GET /
Mon Mar 26 2018 21:03:19 GMT+0700 (SE Asia Standard Time): GET /about
Mon Mar 26 2018 21:03:37 GMT+0700 (SE Asia Standard Time): GET /about
Mon Mar 26 2018 21:03:38 GMT+0700 (SE Asia Standard Time): GET /
Mon Mar 26 2018 21:03:39 GMT+0700 (SE Asia Standard Time): GET /about
Mon Mar 26 2018 21:09:09 GMT+0700 (SE Asia Standard Time): GET /about
Mon Mar 26 2018 21:14:23 GMT+0700 (SE Asia Standard Time): GET /about
Mon Mar 26 2018 21:14:29 GMT+0700 (SE Asia Standard Time): GET /helper.html
Mon Mar 26 2018 21:14:57 GMT+0700 (SE Asia Standard Time): GET /helper.html
Mon Mar 26 2018 21:15:00 GMT+0700 (SE Asia Standard Time): GET /helper.html
Mon Mar 26 2018 21:15:15 GMT+0700 (SE Asia Standard Time): GET /help.html
Mon Mar 26 2018 21:15:23 GMT+0700 (SE Asia Standard Time): GET /
Mon Mar 26 2018 21:15:25 GMT+0700 (SE Asia Standard Time): GET /
Mon Mar 26 2018 21:15:27 GMT+0700 (SE Asia Standard Time): GET /about
Mon Mar 26 2018 21:23:29 GMT+0700 (SE Asia Standard Time): GET /
Mon Mar 26 2018 21:26:19 GMT+0700 (SE Asia Standard Time): GET /
Mon Mar 26 2018 21:26:19 GMT+0700 (SE Asia Standard Time): GET /
Mon Mar 26 2018 21:26:20 GMT+0700 (SE Asia Standard Time): GET /robots.txt
Mon Mar 26 2018 21:29:21 GMT+0700 (SE Asia Standard Time): GET /
Mon Mar 26 2018 21:30:06 GMT+0700 (SE Asia Standard Time): GET /about
Mon Mar 26 2018 21:30:08 GMT+0700 (SE Asia Standard Time): GET /
Mon Mar 26 2018 21:33:34 GMT+0700 (SE Asia Standard Time): GET /
Mon Mar 26 2018 21:33:37 GMT+0700 (SE Asia Standard Time): GET /about
Mon Mar 26 2018 21:33:39 GMT+0700 (SE Asia Standard Time): GET /
Mon Mar 26 2018 21:33:39 GMT+0700 (SE Asia Standard Time): GET /about
Mon Mar 26 2018 21:33:41 GMT+0700 (SE Asia Standard Time): GET /
Mon Mar 26 2018 21:33:41 GMT+0700 (SE Asia Standard Time): GET /about
Mon Mar 26 2018 21:33:42 GMT+0700 (SE Asia Standard Time): GET /
Mon Mar 26 2018 21:33:46 GMT+0700 (SE Asia Standard Time): GET /
Mon Mar 26 2018 21:33:46 GMT+0700 (SE Asia Standard Time): GET /
